<?xml version="1.0" encoding="UTF-8"?>
<!-- Generated by org.testng.reporters.JUnitXMLReporter -->
<testsuite hostname="DESKTOP-HDTDCBG" name="DemoSuiteName" tests="2" failures="0" timestamp="30 Jul 2018 18:27:42 GMT" time="15.038" errors="0">
  <testcase name="testKnownTempRange" time="14.665" classname="com.restapi.weatherapp.tests.CodeChallenge"/>
  <testcase name="testResponseCodeAndFormat" time="0.317" classname="com.restapi.weatherapp.tests.CodeChallenge"/>
</testsuite> <!-- DemoSuiteName -->
