<?xml version="1.0" encoding="UTF-8"?>
<!-- Generated by org.testng.reporters.JUnitXMLReporter -->
<testsuite hostname="DESKTOP-HDTDCBG" name="Default test" tests="2" failures="0" timestamp="30 Jul 2018 17:59:59 GMT" time="6.526" errors="0">
  <testcase name="testKnownTempRange" time="6.235" classname="com.restapi.weatherapp.tests.CodeChallenge"/>
  <testcase name="testResponseCodeAndFormat" time="0.205" classname="com.restapi.weatherapp.tests.CodeChallenge"/>
</testsuite> <!-- Default test -->
